// 重构日志: 6a4f11ac
// 重构日志: 3360d0b6
// 重构日志: fc65f27b
// 重构日志: 0db267e8
// 重构日志: 2078c14a
// 同步 ID: 3fc0783e @ Sun Jul  5 21:33:28 UTC 2026
// 同步 ID: 2d82e0f3 @ Mon Jul  6 06:33:44 UTC 2026
// 同步 ID: 53dbe6c3 @ Mon Jul  6 15:18:25 UTC 2026
// 同步 ID: c6c57b77 @ Tue Jul  7 05:04:07 UTC 2026
// 同步 ID: f5f794a8 @ Wed Jul  8 09:49:18 UTC 2026
// 同步 ID: 994ee542 @ Thu Jul  9 13:47:13 UTC 2026
// 重构日志: 54f12fe8
// 重构日志: 79902ff1
// 重构日志: 908c945e
// 重构日志: 31f1761d
// 同步 ID: e7ce09df @ Sat Jul 11 14:04:01 UTC 2026
// 重构日志: 602840dd
// 同步 ID: 86161639 @ Sun Jul 12 05:30:03 UTC 2026
// 同步 ID: ab6b6189 @ Sun Jul 12 10:08:47 UTC 2026
// 同步 ID: 06154ca8 @ Sun Jul 12 23:45:31 UTC 2026
// 重构日志: 60289fe8
// 重构日志: 2d536314
// 同步 ID: ea7bf253 @ Tue Jul 14 01:19:11 UTC 2026
// 同步 ID: bcfc11f9 @ Tue Jul 14 05:23:17 UTC 2026
// 重构日志: c5953e7e
// 同步 ID: 61cb70c0 @ Wed Jul 15 10:10:42 UTC 2026
// 重构日志: 53b419c1
// 同步 ID: c9c3ea36 @ Thu Jul 16 07:59:24 UTC 2026
// 重构日志: f22be842
// 同步 ID: 456b00c6 @ Thu Jul 16 15:23:08 UTC 2026
